Determining if the pthread_create exist failed with the following output:
Change Dir: /home/davidhan/davidhan_project/d_slambook/build/CMakeFiles/CMakeTmp

Run Build Command(s):/usr/bin/make cmTC_415a4/fast 
/usr/bin/make -f CMakeFiles/cmTC_415a4.dir/build.make CMakeFiles/cmTC_415a4.dir/build
make[1]: 进入目录“/home/davidhan/davidhan_project/d_slambook/build/CMakeFiles/CMakeTmp”
Building C object CMakeFiles/cmTC_415a4.dir/CheckSymbolExists.c.o
/usr/bin/cc    -o CMakeFiles/cmTC_415a4.dir/CheckSymbolExists.c.o   -c /home/davidhan/davidhan_project/d_slambook/build/CMakeFiles/CMakeTmp/CheckSymbolExists.c
Linking C executable cmTC_415a4
/home/davidhan/holo_builder/output/bin/cmake -E cmake_link_script CMakeFiles/cmTC_415a4.dir/link.txt --verbose=1
/usr/bin/cc      -rdynamic CMakeFiles/cmTC_415a4.dir/CheckSymbolExists.c.o  -o cmTC_415a4 
CMakeFiles/cmTC_415a4.dir/CheckSymbolExists.c.o：在函数‘main’中：
CheckSymbolExists.c:(.text+0x1b)：对‘pthread_create’未定义的引用
collect2: error: ld returned 1 exit status
CMakeFiles/cmTC_415a4.dir/build.make:86: recipe for target 'cmTC_415a4' failed
make[1]: *** [cmTC_415a4] Error 1
make[1]: 离开目录“/home/davidhan/davidhan_project/d_slambook/build/CMakeFiles/CMakeTmp”
Makefile:121: recipe for target 'cmTC_415a4/fast' failed
make: *** [cmTC_415a4/fast] Error 2

File /home/davidhan/davidhan_project/d_slambook/build/CMakeFiles/CMakeTmp/CheckSymbolExists.c:
/* */
#include <pthread.h>

int main(int argc, char** argv)
{
  (void)argv;
#ifndef pthread_create
  return ((int*)(&pthread_create))[argc];
#else
  (void)argc;
  return 0;
#endif
}

Determining if the function pthread_create exists in the pthreads failed with the following output:
Change Dir: /home/davidhan/davidhan_project/d_slambook/build/CMakeFiles/CMakeTmp

Run Build Command(s):/usr/bin/make cmTC_9c91b/fast 
/usr/bin/make -f CMakeFiles/cmTC_9c91b.dir/build.make CMakeFiles/cmTC_9c91b.dir/build
make[1]: 进入目录“/home/davidhan/davidhan_project/d_slambook/build/CMakeFiles/CMakeTmp”
Building C object CMakeFiles/cmTC_9c91b.dir/CheckFunctionExists.c.o
/usr/bin/cc   -DCHECK_FUNCTION_EXISTS=pthread_create   -o CMakeFiles/cmTC_9c91b.dir/CheckFunctionExists.c.o   -c /home/davidhan/holo_builder/output/share/cmake-3.14/Modules/CheckFunctionExists.c
Linking C executable cmTC_9c91b
/home/davidhan/holo_builder/output/bin/cmake -E cmake_link_script CMakeFiles/cmTC_9c91b.dir/link.txt --verbose=1
/usr/bin/cc  -DCHECK_FUNCTION_EXISTS=pthread_create    -rdynamic CMakeFiles/cmTC_9c91b.dir/CheckFunctionExists.c.o  -o cmTC_9c91b -lpthreads 
/usr/bin/ld: 找不到 -lpthreads
collect2: error: ld returned 1 exit status
CMakeFiles/cmTC_9c91b.dir/build.make:86: recipe for target 'cmTC_9c91b' failed
make[1]: *** [cmTC_9c91b] Error 1
make[1]: 离开目录“/home/davidhan/davidhan_project/d_slambook/build/CMakeFiles/CMakeTmp”
Makefile:121: recipe for target 'cmTC_9c91b/fast' failed
make: *** [cmTC_9c91b/fast] Error 2


